2021-10-06 20:54:47 INFO Infer_LearnLib |SUL name: 00002_text.txt
2021-10-06 20:54:47 INFO Infer_LearnLib |SUL dir: E:\programming\Benchmarks\minepump_2_Copy\products_2wise\00002_text.txt
2021-10-06 20:54:47 INFO Infer_LearnLib |Output dir: E:\programming\Benchmarks\minepump_2_Copy\output_dir
2021-10-06 20:54:47 INFO Infer_LearnLib |Cache: N
2021-10-06 20:54:47 INFO Infer_LearnLib |ClosingStrategy: CloseFirst
2021-10-06 20:54:47 INFO Infer_LearnLib |ObservationTableCEXHandler: null
2021-10-06 20:54:47 INFO Infer_LearnLib |EquivalenceOracle: WpMethodEQOracle(2)
2021-10-06 20:54:47 INFO Infer_LearnLib |Method: L*M
2021-10-06 20:54:47 INFO Experiment |Starting round 1
2021-10-06 20:54:47 INFO Experiment |Learning
2021-10-06 20:54:47 INFO Experiment |net.automatalib.automata.transducers.impl.compact.CompactMealy@7ce026d3
2021-10-06 20:54:47 INFO Experiment |Searching for counterexample
2021-10-06 20:54:47 INFO Infer_LearnLib |Rounds: 1
2021-10-06 20:54:47 INFO Infer_LearnLib |MQ [Resets]: 1199
2021-10-06 20:54:47 INFO Infer_LearnLib |MQ [Symbols]: 6512
2021-10-06 20:54:47 INFO Infer_LearnLib |EQ [Resets]: 42656
2021-10-06 20:54:47 INFO Infer_LearnLib |EQ [Symbols]: 325902
2021-10-06 20:54:47 INFO SimpleProfiler |Learning [ms]: 38
2021-10-06 20:54:47 INFO SimpleProfiler |Searching for counterexample [ms]: 415
2021-10-06 20:54:47 INFO Infer_LearnLib |Qsize: 9
2021-10-06 20:54:47 INFO Infer_LearnLib |Isize: 11
2021-10-06 20:54:47 INFO Infer_LearnLib |Equivalent: OK
2021-10-06 20:54:47 INFO Infer_LearnLib |
+=============================================================================+=====+===========+============+=========+===========+===========+==========+===========+============+==========+============+
|                                                                             | end | highLevel | isNotReady | isReady | isRunning | isStopped | levelMsg | pumpStart | receiveMsg | setReady | setRunning |
+=============================================================================+=====+===========+============+=========+===========+===========+==========+===========+============+==========+============+
| ε                                                                           | 1   | 1         | 1          | 1       | 1         | 1         | 1        | 1         | 0          | 1        | 1          |
+-----------------------------------------------------------------------------+-----+-----------+------------+---------+-----------+-----------+----------+-----------+------------+----------+------------+
| receiveMsg                                                                  | 1   | 1         | 1          | 1       | 1         | 1         | 0        | 1         | 1          | 1        | 1          |
+-----------------------------------------------------------------------------+-----+-----------+------------+---------+-----------+-----------+----------+-----------+------------+----------+------------+
| receiveMsg levelMsg                                                         | 1   | 0         | 1          | 1       | 1         | 1         | 1        | 1         | 1          | 1        | 1          |
+-----------------------------------------------------------------------------+-----+-----------+------------+---------+-----------+-----------+----------+-----------+------------+----------+------------+
| receiveMsg levelMsg highLevel                                               | 1   | 1         | 1          | 0       | 0         | 0         | 1        | 1         | 1          | 1        | 1          |
+-----------------------------------------------------------------------------+-----+-----------+------------+---------+-----------+-----------+----------+-----------+------------+----------+------------+
| receiveMsg levelMsg highLevel isReady                                       | 1   | 1         | 1          | 1       | 1         | 1         | 1        | 1         | 1          | 0        | 1          |
+-----------------------------------------------------------------------------+-----+-----------+------------+---------+-----------+-----------+----------+-----------+------------+----------+------------+
| receiveMsg levelMsg highLevel isRunning                                     | 0   | 1         | 1          | 1       | 1         | 1         | 1        | 1         | 1          | 1        | 1          |
+-----------------------------------------------------------------------------+-----+-----------+------------+---------+-----------+-----------+----------+-----------+------------+----------+------------+
| receiveMsg levelMsg highLevel isReady setReady                              | 1   | 1         | 0          | 0       | 1         | 1         | 1        | 1         | 1          | 1        | 1          |
+-----------------------------------------------------------------------------+-----+-----------+------------+---------+-----------+-----------+----------+-----------+------------+----------+------------+
| receiveMsg levelMsg highLevel isReady setReady isReady                      | 1   | 1         | 1          | 1       | 1         | 1         | 1        | 0         | 1          | 1        | 1          |
+-----------------------------------------------------------------------------+-----+-----------+------------+---------+-----------+-----------+----------+-----------+------------+----------+------------+
| receiveMsg levelMsg highLevel isReady setReady isReady pumpStart            | 1   | 1         | 1          | 1       | 1         | 1         | 1        | 1         | 1          | 1        | 0          |
+=============================================================================+=====+===========+============+=========+===========+===========+==========+===========+============+==========+============+
| end                                                                         | 1   | 1         | 1          | 1       | 1         | 1         | 1        | 1         | 0          | 1        | 1          |
+-----------------------------------------------------------------------------+-----+-----------+------------+---------+-----------+-----------+----------+-----------+------------+----------+------------+
| highLevel                                                                   | 1   | 1         | 1          | 1       | 1         | 1         | 1        | 1         | 0          | 1        | 1          |
+-----------------------------------------------------------------------------+-----+-----------+------------+---------+-----------+-----------+----------+-----------+------------+----------+------------+
| isNotReady                                                                  | 1   | 1         | 1          | 1       | 1         | 1         | 1        | 1         | 0          | 1        | 1          |
+-----------------------------------------------------------------------------+-----+-----------+------------+---------+-----------+-----------+----------+-----------+------------+----------+------------+
| isReady                                                                     | 1   | 1         | 1          | 1       | 1         | 1         | 1        | 1         | 0          | 1        | 1          |
+-----------------------------------------------------------------------------+-----+-----------+------------+---------+-----------+-----------+----------+-----------+------------+----------+------------+
| isRunning                                                                   | 1   | 1         | 1          | 1       | 1         | 1         | 1        | 1         | 0          | 1        | 1          |
+-----------------------------------------------------------------------------+-----+-----------+------------+---------+-----------+-----------+----------+-----------+------------+----------+------------+
| isStopped                                                                   | 1   | 1         | 1          | 1       | 1         | 1         | 1        | 1         | 0          | 1        | 1          |
+-----------------------------------------------------------------------------+-----+-----------+------------+---------+-----------+-----------+----------+-----------+------------+----------+------------+
| levelMsg                                                                    | 1   | 1         | 1          | 1       | 1         | 1         | 1        | 1         | 0          | 1        | 1          |
+-----------------------------------------------------------------------------+-----+-----------+------------+---------+-----------+-----------+----------+-----------+------------+----------+------------+
| pumpStart                                                                   | 1   | 1         | 1          | 1       | 1         | 1         | 1        | 1         | 0          | 1        | 1          |
+-----------------------------------------------------------------------------+-----+-----------+------------+---------+-----------+-----------+----------+-----------+------------+----------+------------+
| setRunning                                                                  | 1   | 1         | 1          | 1       | 1         | 1         | 1        | 1         | 0          | 1        | 1          |
+-----------------------------------------------------------------------------+-----+-----------+------------+---------+-----------+-----------+----------+-----------+------------+----------+------------+
| setReady                                                                    | 1   | 1         | 1          | 1       | 1         | 1         | 1        | 1         | 0          | 1        | 1          |
+-----------------------------------------------------------------------------+-----+-----------+------------+---------+-----------+-----------+----------+-----------+------------+----------+------------+
| receiveMsg end                                                              | 1   | 1         | 1          | 1       | 1         | 1         | 0        | 1         | 1          | 1        | 1          |
+-----------------------------------------------------------------------------+-----+-----------+------------+---------+-----------+-----------+----------+-----------+------------+----------+------------+
| receiveMsg highLevel                                                        | 1   | 1         | 1          | 1       | 1         | 1         | 0        | 1         | 1          | 1        | 1          |
+-----------------------------------------------------------------------------+-----+-----------+------------+---------+-----------+-----------+----------+-----------+------------+----------+------------+
| receiveMsg isNotReady                                                       | 1   | 1         | 1          | 1       | 1         | 1         | 0        | 1         | 1          | 1        | 1          |
+-----------------------------------------------------------------------------+-----+-----------+------------+---------+-----------+-----------+----------+-----------+------------+----------+------------+
| receiveMsg isReady                                                          | 1   | 1         | 1          | 1       | 1         | 1         | 0        | 1         | 1          | 1        | 1          |
+-----------------------------------------------------------------------------+-----+-----------+------------+---------+-----------+-----------+----------+-----------+------------+----------+------------+
| receiveMsg isRunning                                                        | 1   | 1         | 1          | 1       | 1         | 1         | 0        | 1         | 1          | 1        | 1          |
+-----------------------------------------------------------------------------+-----+-----------+------------+---------+-----------+-----------+----------+-----------+------------+----------+------------+
| receiveMsg isStopped                                                        | 1   | 1         | 1          | 1       | 1         | 1         | 0        | 1         | 1          | 1        | 1          |
+-----------------------------------------------------------------------------+-----+-----------+------------+---------+-----------+-----------+----------+-----------+------------+----------+------------+
| receiveMsg setRunning                                                       | 1   | 1         | 1          | 1       | 1         | 1         | 0        | 1         | 1          | 1        | 1          |
+-----------------------------------------------------------------------------+-----+-----------+------------+---------+-----------+-----------+----------+-----------+------------+----------+------------+
| receiveMsg pumpStart                                                        | 1   | 1         | 1          | 1       | 1         | 1         | 0        | 1         | 1          | 1        | 1          |
+-----------------------------------------------------------------------------+-----+-----------+------------+---------+-----------+-----------+----------+-----------+------------+----------+------------+
| receiveMsg receiveMsg                                                       | 1   | 1         | 1          | 1       | 1         | 1         | 0        | 1         | 1          | 1        | 1          |
+-----------------------------------------------------------------------------+-----+-----------+------------+---------+-----------+-----------+----------+-----------+------------+----------+------------+
| receiveMsg setReady                                                         | 1   | 1         | 1          | 1       | 1         | 1         | 0        | 1         | 1          | 1        | 1          |
+-----------------------------------------------------------------------------+-----+-----------+------------+---------+-----------+-----------+----------+-----------+------------+----------+------------+
| receiveMsg levelMsg end                                                     | 1   | 0         | 1          | 1       | 1         | 1         | 1        | 1         | 1          | 1        | 1          |
+-----------------------------------------------------------------------------+-----+-----------+------------+---------+-----------+-----------+----------+-----------+------------+----------+------------+
| receiveMsg levelMsg setRunning                                              | 1   | 0         | 1          | 1       | 1         | 1         | 1        | 1         | 1          | 1        | 1          |
+-----------------------------------------------------------------------------+-----+-----------+------------+---------+-----------+-----------+----------+-----------+------------+----------+------------+
| receiveMsg levelMsg isNotReady                                              | 1   | 0         | 1          | 1       | 1         | 1         | 1        | 1         | 1          | 1        | 1          |
+-----------------------------------------------------------------------------+-----+-----------+------------+---------+-----------+-----------+----------+-----------+------------+----------+------------+
| receiveMsg levelMsg isReady                                                 | 1   | 0         | 1          | 1       | 1         | 1         | 1        | 1         | 1          | 1        | 1          |
+-----------------------------------------------------------------------------+-----+-----------+------------+---------+-----------+-----------+----------+-----------+------------+----------+------------+
| receiveMsg levelMsg isRunning                                               | 1   | 0         | 1          | 1       | 1         | 1         | 1        | 1         | 1          | 1        | 1          |
+-----------------------------------------------------------------------------+-----+-----------+------------+---------+-----------+-----------+----------+-----------+------------+----------+------------+
| receiveMsg levelMsg isStopped                                               | 1   | 0         | 1          | 1       | 1         | 1         | 1        | 1         | 1          | 1        | 1          |
+-----------------------------------------------------------------------------+-----+-----------+------------+---------+-----------+-----------+----------+-----------+------------+----------+------------+
| receiveMsg levelMsg levelMsg                                                | 1   | 0         | 1          | 1       | 1         | 1         | 1        | 1         | 1          | 1        | 1          |
+-----------------------------------------------------------------------------+-----+-----------+------------+---------+-----------+-----------+----------+-----------+------------+----------+------------+
| receiveMsg levelMsg pumpStart                                               | 1   | 0         | 1          | 1       | 1         | 1         | 1        | 1         | 1          | 1        | 1          |
+-----------------------------------------------------------------------------+-----+-----------+------------+---------+-----------+-----------+----------+-----------+------------+----------+------------+
| receiveMsg levelMsg receiveMsg                                              | 1   | 0         | 1          | 1       | 1         | 1         | 1        | 1         | 1          | 1        | 1          |
+-----------------------------------------------------------------------------+-----+-----------+------------+---------+-----------+-----------+----------+-----------+------------+----------+------------+
| receiveMsg levelMsg setReady                                                | 1   | 0         | 1          | 1       | 1         | 1         | 1        | 1         | 1          | 1        | 1          |
+-----------------------------------------------------------------------------+-----+-----------+------------+---------+-----------+-----------+----------+-----------+------------+----------+------------+
| receiveMsg levelMsg highLevel end                                           | 1   | 1         | 1          | 0       | 0         | 0         | 1        | 1         | 1          | 1        | 1          |
+-----------------------------------------------------------------------------+-----+-----------+------------+---------+-----------+-----------+----------+-----------+------------+----------+------------+
| receiveMsg levelMsg highLevel highLevel                                     | 1   | 1         | 1          | 0       | 0         | 0         | 1        | 1         | 1          | 1        | 1          |
+-----------------------------------------------------------------------------+-----+-----------+------------+---------+-----------+-----------+----------+-----------+------------+----------+------------+
| receiveMsg levelMsg highLevel isNotReady                                    | 1   | 1         | 1          | 0       | 0         | 0         | 1        | 1         | 1          | 1        | 1          |
+-----------------------------------------------------------------------------+-----+-----------+------------+---------+-----------+-----------+----------+-----------+------------+----------+------------+
| receiveMsg levelMsg highLevel setRunning                                    | 1   | 1         | 1          | 0       | 0         | 0         | 1        | 1         | 1          | 1        | 1          |
+-----------------------------------------------------------------------------+-----+-----------+------------+---------+-----------+-----------+----------+-----------+------------+----------+------------+
| receiveMsg levelMsg highLevel isReady setRunning                            | 1   | 1         | 1          | 1       | 1         | 1         | 1        | 1         | 1          | 0        | 1          |
+-----------------------------------------------------------------------------+-----+-----------+------------+---------+-----------+-----------+----------+-----------+------------+----------+------------+
| receiveMsg levelMsg highLevel isStopped                                     | 0   | 1         | 1          | 1       | 1         | 1         | 1        | 1         | 1          | 1        | 1          |
+-----------------------------------------------------------------------------+-----+-----------+------------+---------+-----------+-----------+----------+-----------+------------+----------+------------+
| receiveMsg levelMsg highLevel levelMsg                                      | 1   | 1         | 1          | 0       | 0         | 0         | 1        | 1         | 1          | 1        | 1          |
+-----------------------------------------------------------------------------+-----+-----------+------------+---------+-----------+-----------+----------+-----------+------------+----------+------------+
| receiveMsg levelMsg highLevel pumpStart                                     | 1   | 1         | 1          | 0       | 0         | 0         | 1        | 1         | 1          | 1        | 1          |
+-----------------------------------------------------------------------------+-----+-----------+------------+---------+-----------+-----------+----------+-----------+------------+----------+------------+
| receiveMsg levelMsg highLevel receiveMsg                                    | 1   | 1         | 1          | 0       | 0         | 0         | 1        | 1         | 1          | 1        | 1          |
+-----------------------------------------------------------------------------+-----+-----------+------------+---------+-----------+-----------+----------+-----------+------------+----------+------------+
| receiveMsg levelMsg highLevel setReady                                      | 1   | 1         | 1          | 0       | 0         | 0         | 1        | 1         | 1          | 1        | 1          |
+-----------------------------------------------------------------------------+-----+-----------+------------+---------+-----------+-----------+----------+-----------+------------+----------+------------+
| receiveMsg levelMsg highLevel isReady end                                   | 1   | 1         | 1          | 1       | 1         | 1         | 1        | 1         | 1          | 0        | 1          |
+-----------------------------------------------------------------------------+-----+-----------+------------+---------+-----------+-----------+----------+-----------+------------+----------+------------+
| receiveMsg levelMsg highLevel isReady highLevel                             | 1   | 1         | 1          | 1       | 1         | 1         | 1        | 1         | 1          | 0        | 1          |
+-----------------------------------------------------------------------------+-----+-----------+------------+---------+-----------+-----------+----------+-----------+------------+----------+------------+
| receiveMsg levelMsg highLevel isReady isNotReady                            | 1   | 1         | 1          | 1       | 1         | 1         | 1        | 1         | 1          | 0        | 1          |
+-----------------------------------------------------------------------------+-----+-----------+------------+---------+-----------+-----------+----------+-----------+------------+----------+------------+
| receiveMsg levelMsg highLevel isReady isReady                               | 1   | 1         | 1          | 1       | 1         | 1         | 1        | 1         | 1          | 0        | 1          |
+-----------------------------------------------------------------------------+-----+-----------+------------+---------+-----------+-----------+----------+-----------+------------+----------+------------+
| receiveMsg levelMsg highLevel isReady isRunning                             | 1   | 1         | 1          | 1       | 1         | 1         | 1        | 1         | 1          | 0        | 1          |
+-----------------------------------------------------------------------------+-----+-----------+------------+---------+-----------+-----------+----------+-----------+------------+----------+------------+
| receiveMsg levelMsg highLevel isReady isStopped                             | 1   | 1         | 1          | 1       | 1         | 1         | 1        | 1         | 1          | 0        | 1          |
+-----------------------------------------------------------------------------+-----+-----------+------------+---------+-----------+-----------+----------+-----------+------------+----------+------------+
| receiveMsg levelMsg highLevel isReady levelMsg                              | 1   | 1         | 1          | 1       | 1         | 1         | 1        | 1         | 1          | 0        | 1          |
+-----------------------------------------------------------------------------+-----+-----------+------------+---------+-----------+-----------+----------+-----------+------------+----------+------------+
| receiveMsg levelMsg highLevel isReady pumpStart                             | 1   | 1         | 1          | 1       | 1         | 1         | 1        | 1         | 1          | 0        | 1          |
+-----------------------------------------------------------------------------+-----+-----------+------------+---------+-----------+-----------+----------+-----------+------------+----------+------------+
| receiveMsg levelMsg highLevel isReady receiveMsg                            | 1   | 1         | 1          | 1       | 1         | 1         | 1        | 1         | 1          | 0        | 1          |
+-----------------------------------------------------------------------------+-----+-----------+------------+---------+-----------+-----------+----------+-----------+------------+----------+------------+
| receiveMsg levelMsg highLevel isRunning setRunning                          | 0   | 1         | 1          | 1       | 1         | 1         | 1        | 1         | 1          | 1        | 1          |
+-----------------------------------------------------------------------------+-----+-----------+------------+---------+-----------+-----------+----------+-----------+------------+----------+------------+
| receiveMsg levelMsg highLevel isRunning end                                 | 1   | 1         | 1          | 1       | 1         | 1         | 1        | 1         | 0          | 1        | 1          |
+-----------------------------------------------------------------------------+-----+-----------+------------+---------+-----------+-----------+----------+-----------+------------+----------+------------+
| receiveMsg levelMsg highLevel isRunning highLevel                           | 0   | 1         | 1          | 1       | 1         | 1         | 1        | 1         | 1          | 1        | 1          |
+-----------------------------------------------------------------------------+-----+-----------+------------+---------+-----------+-----------+----------+-----------+------------+----------+------------+
| receiveMsg levelMsg highLevel isRunning isNotReady                          | 0   | 1         | 1          | 1       | 1         | 1         | 1        | 1         | 1          | 1        | 1          |
+-----------------------------------------------------------------------------+-----+-----------+------------+---------+-----------+-----------+----------+-----------+------------+----------+------------+
| receiveMsg levelMsg highLevel isRunning isReady                             | 0   | 1         | 1          | 1       | 1         | 1         | 1        | 1         | 1          | 1        | 1          |
+-----------------------------------------------------------------------------+-----+-----------+------------+---------+-----------+-----------+----------+-----------+------------+----------+------------+
| receiveMsg levelMsg highLevel isRunning isRunning                           | 0   | 1         | 1          | 1       | 1         | 1         | 1        | 1         | 1          | 1        | 1          |
+-----------------------------------------------------------------------------+-----+-----------+------------+---------+-----------+-----------+----------+-----------+------------+----------+------------+
| receiveMsg levelMsg highLevel isRunning isStopped                           | 0   | 1         | 1          | 1       | 1         | 1         | 1        | 1         | 1          | 1        | 1          |
+-----------------------------------------------------------------------------+-----+-----------+------------+---------+-----------+-----------+----------+-----------+------------+----------+------------+
| receiveMsg levelMsg highLevel isRunning levelMsg                            | 0   | 1         | 1          | 1       | 1         | 1         | 1        | 1         | 1          | 1        | 1          |
+-----------------------------------------------------------------------------+-----+-----------+------------+---------+-----------+-----------+----------+-----------+------------+----------+------------+
| receiveMsg levelMsg highLevel isRunning pumpStart                           | 0   | 1         | 1          | 1       | 1         | 1         | 1        | 1         | 1          | 1        | 1          |
+-----------------------------------------------------------------------------+-----+-----------+------------+---------+-----------+-----------+----------+-----------+------------+----------+------------+
| receiveMsg levelMsg highLevel isRunning receiveMsg                          | 0   | 1         | 1          | 1       | 1         | 1         | 1        | 1         | 1          | 1        | 1          |
+-----------------------------------------------------------------------------+-----+-----------+------------+---------+-----------+-----------+----------+-----------+------------+----------+------------+
| receiveMsg levelMsg highLevel isRunning setReady                            | 0   | 1         | 1          | 1       | 1         | 1         | 1        | 1         | 1          | 1        | 1          |
+-----------------------------------------------------------------------------+-----+-----------+------------+---------+-----------+-----------+----------+-----------+------------+----------+------------+
| receiveMsg levelMsg highLevel isReady setReady end                          | 1   | 1         | 0          | 0       | 1         | 1         | 1        | 1         | 1          | 1        | 1          |
+-----------------------------------------------------------------------------+-----+-----------+------------+---------+-----------+-----------+----------+-----------+------------+----------+------------+
| receiveMsg levelMsg highLevel isReady setReady highLevel                    | 1   | 1         | 0          | 0       | 1         | 1         | 1        | 1         | 1          | 1        | 1          |
+-----------------------------------------------------------------------------+-----+-----------+------------+---------+-----------+-----------+----------+-----------+------------+----------+------------+
| receiveMsg levelMsg highLevel isReady setReady isNotReady                   | 0   | 1         | 1          | 1       | 1         | 1         | 1        | 1         | 1          | 1        | 1          |
+-----------------------------------------------------------------------------+-----+-----------+------------+---------+-----------+-----------+----------+-----------+------------+----------+------------+
| receiveMsg levelMsg highLevel isReady setReady setRunning                   | 1   | 1         | 0          | 0       | 1         | 1         | 1        | 1         | 1          | 1        | 1          |
+-----------------------------------------------------------------------------+-----+-----------+------------+---------+-----------+-----------+----------+-----------+------------+----------+------------+
| receiveMsg levelMsg highLevel isReady setReady isRunning                    | 1   | 1         | 0          | 0       | 1         | 1         | 1        | 1         | 1          | 1        | 1          |
+-----------------------------------------------------------------------------+-----+-----------+------------+---------+-----------+-----------+----------+-----------+------------+----------+------------+
| receiveMsg levelMsg highLevel isReady setReady isStopped                    | 1   | 1         | 0          | 0       | 1         | 1         | 1        | 1         | 1          | 1        | 1          |
+-----------------------------------------------------------------------------+-----+-----------+------------+---------+-----------+-----------+----------+-----------+------------+----------+------------+
| receiveMsg levelMsg highLevel isReady setReady levelMsg                     | 1   | 1         | 0          | 0       | 1         | 1         | 1        | 1         | 1          | 1        | 1          |
+-----------------------------------------------------------------------------+-----+-----------+------------+---------+-----------+-----------+----------+-----------+------------+----------+------------+
| receiveMsg levelMsg highLevel isReady setReady pumpStart                    | 1   | 1         | 0          | 0       | 1         | 1         | 1        | 1         | 1          | 1        | 1          |
+-----------------------------------------------------------------------------+-----+-----------+------------+---------+-----------+-----------+----------+-----------+------------+----------+------------+
| receiveMsg levelMsg highLevel isReady setReady receiveMsg                   | 1   | 1         | 0          | 0       | 1         | 1         | 1        | 1         | 1          | 1        | 1          |
+-----------------------------------------------------------------------------+-----+-----------+------------+---------+-----------+-----------+----------+-----------+------------+----------+------------+
| receiveMsg levelMsg highLevel isReady setReady setReady                     | 1   | 1         | 0          | 0       | 1         | 1         | 1        | 1         | 1          | 1        | 1          |
+-----------------------------------------------------------------------------+-----+-----------+------------+---------+-----------+-----------+----------+-----------+------------+----------+------------+
| receiveMsg levelMsg highLevel isReady setReady isReady end                  | 1   | 1         | 1          | 1       | 1         | 1         | 1        | 0         | 1          | 1        | 1          |
+-----------------------------------------------------------------------------+-----+-----------+------------+---------+-----------+-----------+----------+-----------+------------+----------+------------+
| receiveMsg levelMsg highLevel isReady setReady isReady highLevel            | 1   | 1         | 1          | 1       | 1         | 1         | 1        | 0         | 1          | 1        | 1          |
+-----------------------------------------------------------------------------+-----+-----------+------------+---------+-----------+-----------+----------+-----------+------------+----------+------------+
| receiveMsg levelMsg highLevel isReady setReady isReady isNotReady           | 1   | 1         | 1          | 1       | 1         | 1         | 1        | 0         | 1          | 1        | 1          |
+-----------------------------------------------------------------------------+-----+-----------+------------+---------+-----------+-----------+----------+-----------+------------+----------+------------+
| receiveMsg levelMsg highLevel isReady setReady isReady isReady              | 1   | 1         | 1          | 1       | 1         | 1         | 1        | 0         | 1          | 1        | 1          |
+-----------------------------------------------------------------------------+-----+-----------+------------+---------+-----------+-----------+----------+-----------+------------+----------+------------+
| receiveMsg levelMsg highLevel isReady setReady isReady isRunning            | 1   | 1         | 1          | 1       | 1         | 1         | 1        | 0         | 1          | 1        | 1          |
+-----------------------------------------------------------------------------+-----+-----------+------------+---------+-----------+-----------+----------+-----------+------------+----------+------------+
| receiveMsg levelMsg highLevel isReady setReady isReady isStopped            | 1   | 1         | 1          | 1       | 1         | 1         | 1        | 0         | 1          | 1        | 1          |
+-----------------------------------------------------------------------------+-----+-----------+------------+---------+-----------+-----------+----------+-----------+------------+----------+------------+
| receiveMsg levelMsg highLevel isReady setReady isReady levelMsg             | 1   | 1         | 1          | 1       | 1         | 1         | 1        | 0         | 1          | 1        | 1          |
+-----------------------------------------------------------------------------+-----+-----------+------------+---------+-----------+-----------+----------+-----------+------------+----------+------------+
| receiveMsg levelMsg highLevel isReady setReady isReady setRunning           | 1   | 1         | 1          | 1       | 1         | 1         | 1        | 0         | 1          | 1        | 1          |
+-----------------------------------------------------------------------------+-----+-----------+------------+---------+-----------+-----------+----------+-----------+------------+----------+------------+
| receiveMsg levelMsg highLevel isReady setReady isReady receiveMsg           | 1   | 1         | 1          | 1       | 1         | 1         | 1        | 0         | 1          | 1        | 1          |
+-----------------------------------------------------------------------------+-----+-----------+------------+---------+-----------+-----------+----------+-----------+------------+----------+------------+
| receiveMsg levelMsg highLevel isReady setReady isReady setReady             | 1   | 1         | 1          | 1       | 1         | 1         | 1        | 0         | 1          | 1        | 1          |
+-----------------------------------------------------------------------------+-----+-----------+------------+---------+-----------+-----------+----------+-----------+------------+----------+------------+
| receiveMsg levelMsg highLevel isReady setReady isReady pumpStart end        | 1   | 1         | 1          | 1       | 1         | 1         | 1        | 1         | 1          | 1        | 0          |
+-----------------------------------------------------------------------------+-----+-----------+------------+---------+-----------+-----------+----------+-----------+------------+----------+------------+
| receiveMsg levelMsg highLevel isReady setReady isReady pumpStart highLevel  | 1   | 1         | 1          | 1       | 1         | 1         | 1        | 1         | 1          | 1        | 0          |
+-----------------------------------------------------------------------------+-----+-----------+------------+---------+-----------+-----------+----------+-----------+------------+----------+------------+
| receiveMsg levelMsg highLevel isReady setReady isReady pumpStart isNotReady | 1   | 1         | 1          | 1       | 1         | 1         | 1        | 1         | 1          | 1        | 0          |
+-----------------------------------------------------------------------------+-----+-----------+------------+---------+-----------+-----------+----------+-----------+------------+----------+------------+
| receiveMsg levelMsg highLevel isReady setReady isReady pumpStart isReady    | 1   | 1         | 1          | 1       | 1         | 1         | 1        | 1         | 1          | 1        | 0          |
+-----------------------------------------------------------------------------+-----+-----------+------------+---------+-----------+-----------+----------+-----------+------------+----------+------------+
| receiveMsg levelMsg highLevel isReady setReady isReady pumpStart isRunning  | 1   | 1         | 1          | 1       | 1         | 1         | 1        | 1         | 1          | 1        | 0          |
+-----------------------------------------------------------------------------+-----+-----------+------------+---------+-----------+-----------+----------+-----------+------------+----------+------------+
| receiveMsg levelMsg highLevel isReady setReady isReady pumpStart isStopped  | 1   | 1         | 1          | 1       | 1         | 1         | 1        | 1         | 1          | 1        | 0          |
+-----------------------------------------------------------------------------+-----+-----------+------------+---------+-----------+-----------+----------+-----------+------------+----------+------------+
| receiveMsg levelMsg highLevel isReady setReady isReady pumpStart levelMsg   | 1   | 1         | 1          | 1       | 1         | 1         | 1        | 1         | 1          | 1        | 0          |
+-----------------------------------------------------------------------------+-----+-----------+------------+---------+-----------+-----------+----------+-----------+------------+----------+------------+
| receiveMsg levelMsg highLevel isReady setReady isReady pumpStart pumpStart  | 1   | 1         | 1          | 1       | 1         | 1         | 1        | 1         | 1          | 1        | 0          |
+-----------------------------------------------------------------------------+-----+-----------+------------+---------+-----------+-----------+----------+-----------+------------+----------+------------+
| receiveMsg levelMsg highLevel isReady setReady isReady pumpStart receiveMsg | 1   | 1         | 1          | 1       | 1         | 1         | 1        | 1         | 1          | 1        | 0          |
+-----------------------------------------------------------------------------+-----+-----------+------------+---------+-----------+-----------+----------+-----------+------------+----------+------------+
| receiveMsg levelMsg highLevel isReady setReady isReady pumpStart setReady   | 1   | 1         | 1          | 1       | 1         | 1         | 1        | 1         | 1          | 1        | 0          |
+-----------------------------------------------------------------------------+-----+-----------+------------+---------+-----------+-----------+----------+-----------+------------+----------+------------+
| receiveMsg levelMsg highLevel isReady setReady isReady pumpStart setRunning | 0   | 1         | 1          | 1       | 1         | 1         | 1        | 1         | 1          | 1        | 1          |
+=============================================================================+=====+===========+============+=========+===========+===========+==========+===========+============+==========+============+

2021-10-06 20:54:47 INFO Infer_LearnLib |SUL name: 00002_text.txt
2021-10-06 20:54:47 INFO Infer_LearnLib |SUL dir: E:\programming\Benchmarks\minepump_2_Copy\products_2wise\00002_text.txt
2021-10-06 20:54:47 INFO Infer_LearnLib |Output dir: E:\programming\Benchmarks\minepump_2_Copy\output_dir
2021-10-06 20:54:47 INFO Infer_LearnLib |Cache: N
2021-10-06 20:54:47 INFO Infer_LearnLib |ClosingStrategy: CloseFirst
2021-10-06 20:54:47 INFO Infer_LearnLib |ObservationTableCEXHandler: null
2021-10-06 20:54:47 INFO Infer_LearnLib |EquivalenceOracle: WpMethodEQOracle(2)
2021-10-06 20:54:47 INFO Infer_LearnLib |Method: L*M
2021-10-06 20:54:47 INFO Experiment |Starting round 1
2021-10-06 20:54:47 INFO Experiment |Learning
2021-10-06 20:54:47 INFO Experiment |net.automatalib.automata.transducers.impl.compact.CompactMealy@4d15107f
2021-10-06 20:54:47 INFO Experiment |Searching for counterexample
2021-10-06 20:54:47 INFO Infer_LearnLib |Rounds: 1
2021-10-06 20:54:47 INFO Infer_LearnLib |MQ [Resets]: 1199
2021-10-06 20:54:47 INFO Infer_LearnLib |MQ [Symbols]: 6512
2021-10-06 20:54:47 INFO Infer_LearnLib |EQ [Resets]: 42656
2021-10-06 20:54:47 INFO Infer_LearnLib |EQ [Symbols]: 325902
2021-10-06 20:54:47 INFO SimpleProfiler |Learning [ms]: 44
2021-10-06 20:54:47 INFO SimpleProfiler |Searching for counterexample [ms]: 688
2021-10-06 20:54:47 INFO Infer_LearnLib |Qsize: 9
2021-10-06 20:54:47 INFO Infer_LearnLib |Isize: 11
2021-10-06 20:54:47 INFO Infer_LearnLib |Equivalent: OK
2021-10-06 20:54:47 INFO Infer_LearnLib |
+=============================================================================+=====+===========+============+=========+===========+===========+==========+===========+============+==========+============+
|                                                                             | end | highLevel | isNotReady | isReady | isRunning | isStopped | levelMsg | pumpStart | receiveMsg | setReady | setRunning |
+=============================================================================+=====+===========+============+=========+===========+===========+==========+===========+============+==========+============+
| ε                                                                           | 1   | 1         | 1          | 1       | 1         | 1         | 1        | 1         | 0          | 1        | 1          |
+-----------------------------------------------------------------------------+-----+-----------+------------+---------+-----------+-----------+----------+-----------+------------+----------+------------+
| receiveMsg                                                                  | 1   | 1         | 1          | 1       | 1         | 1         | 0        | 1         | 1          | 1        | 1          |
+-----------------------------------------------------------------------------+-----+-----------+------------+---------+-----------+-----------+----------+-----------+------------+----------+------------+
| receiveMsg levelMsg                                                         | 1   | 0         | 1          | 1       | 1         | 1         | 1        | 1         | 1          | 1        | 1          |
+-----------------------------------------------------------------------------+-----+-----------+------------+---------+-----------+-----------+----------+-----------+------------+----------+------------+
| receiveMsg levelMsg highLevel                                               | 1   | 1         | 1          | 0       | 0         | 0         | 1        | 1         | 1          | 1        | 1          |
+-----------------------------------------------------------------------------+-----+-----------+------------+---------+-----------+-----------+----------+-----------+------------+----------+------------+
| receiveMsg levelMsg highLevel isReady                                       | 1   | 1         | 1          | 1       | 1         | 1         | 1        | 1         | 1          | 0        | 1          |
+-----------------------------------------------------------------------------+-----+-----------+------------+---------+-----------+-----------+----------+-----------+------------+----------+------------+
| receiveMsg levelMsg highLevel isRunning                                     | 0   | 1         | 1          | 1       | 1         | 1         | 1        | 1         | 1          | 1        | 1          |
+-----------------------------------------------------------------------------+-----+-----------+------------+---------+-----------+-----------+----------+-----------+------------+----------+------------+
| receiveMsg levelMsg highLevel isReady setReady                              | 1   | 1         | 0          | 0       | 1         | 1         | 1        | 1         | 1          | 1        | 1          |
+-----------------------------------------------------------------------------+-----+-----------+------------+---------+-----------+-----------+----------+-----------+------------+----------+------------+
| receiveMsg levelMsg highLevel isReady setReady isReady                      | 1   | 1         | 1          | 1       | 1         | 1         | 1        | 0         | 1          | 1        | 1          |
+-----------------------------------------------------------------------------+-----+-----------+------------+---------+-----------+-----------+----------+-----------+------------+----------+------------+
| receiveMsg levelMsg highLevel isReady setReady isReady pumpStart            | 1   | 1         | 1          | 1       | 1         | 1         | 1        | 1         | 1          | 1        | 0          |
+=============================================================================+=====+===========+============+=========+===========+===========+==========+===========+============+==========+============+
| end                                                                         | 1   | 1         | 1          | 1       | 1         | 1         | 1        | 1         | 0          | 1        | 1          |
+-----------------------------------------------------------------------------+-----+-----------+------------+---------+-----------+-----------+----------+-----------+------------+----------+------------+
| highLevel                                                                   | 1   | 1         | 1          | 1       | 1         | 1         | 1        | 1         | 0          | 1        | 1          |
+-----------------------------------------------------------------------------+-----+-----------+------------+---------+-----------+-----------+----------+-----------+------------+----------+------------+
| isNotReady                                                                  | 1   | 1         | 1          | 1       | 1         | 1         | 1        | 1         | 0          | 1        | 1          |
+-----------------------------------------------------------------------------+-----+-----------+------------+---------+-----------+-----------+----------+-----------+------------+----------+------------+
| isReady                                                                     | 1   | 1         | 1          | 1       | 1         | 1         | 1        | 1         | 0          | 1        | 1          |
+-----------------------------------------------------------------------------+-----+-----------+------------+---------+-----------+-----------+----------+-----------+------------+----------+------------+
| isRunning                                                                   | 1   | 1         | 1          | 1       | 1         | 1         | 1        | 1         | 0          | 1        | 1          |
+-----------------------------------------------------------------------------+-----+-----------+------------+---------+-----------+-----------+----------+-----------+------------+----------+------------+
| isStopped                                                                   | 1   | 1         | 1          | 1       | 1         | 1         | 1        | 1         | 0          | 1        | 1          |
+-----------------------------------------------------------------------------+-----+-----------+------------+---------+-----------+-----------+----------+-----------+------------+----------+------------+
| levelMsg                                                                    | 1   | 1         | 1          | 1       | 1         | 1         | 1        | 1         | 0          | 1        | 1          |
+-----------------------------------------------------------------------------+-----+-----------+------------+---------+-----------+-----------+----------+-----------+------------+----------+------------+
| pumpStart                                                                   | 1   | 1         | 1          | 1       | 1         | 1         | 1        | 1         | 0          | 1        | 1          |
+-----------------------------------------------------------------------------+-----+-----------+------------+---------+-----------+-----------+----------+-----------+------------+----------+------------+
| setRunning                                                                  | 1   | 1         | 1          | 1       | 1         | 1         | 1        | 1         | 0          | 1        | 1          |
+-----------------------------------------------------------------------------+-----+-----------+------------+---------+-----------+-----------+----------+-----------+------------+----------+------------+
| setReady                                                                    | 1   | 1         | 1          | 1       | 1         | 1         | 1        | 1         | 0          | 1        | 1          |
+-----------------------------------------------------------------------------+-----+-----------+------------+---------+-----------+-----------+----------+-----------+------------+----------+------------+
| receiveMsg end                                                              | 1   | 1         | 1          | 1       | 1         | 1         | 0        | 1         | 1          | 1        | 1          |
+-----------------------------------------------------------------------------+-----+-----------+------------+---------+-----------+-----------+----------+-----------+------------+----------+------------+
| receiveMsg highLevel                                                        | 1   | 1         | 1          | 1       | 1         | 1         | 0        | 1         | 1          | 1        | 1          |
+-----------------------------------------------------------------------------+-----+-----------+------------+---------+-----------+-----------+----------+-----------+------------+----------+------------+
| receiveMsg isNotReady                                                       | 1   | 1         | 1          | 1       | 1         | 1         | 0        | 1         | 1          | 1        | 1          |
+-----------------------------------------------------------------------------+-----+-----------+------------+---------+-----------+-----------+----------+-----------+------------+----------+------------+
| receiveMsg isReady                                                          | 1   | 1         | 1          | 1       | 1         | 1         | 0        | 1         | 1          | 1        | 1          |
+-----------------------------------------------------------------------------+-----+-----------+------------+---------+-----------+-----------+----------+-----------+------------+----------+------------+
| receiveMsg isRunning                                                        | 1   | 1         | 1          | 1       | 1         | 1         | 0        | 1         | 1          | 1        | 1          |
+-----------------------------------------------------------------------------+-----+-----------+------------+---------+-----------+-----------+----------+-----------+------------+----------+------------+
| receiveMsg isStopped                                                        | 1   | 1         | 1          | 1       | 1         | 1         | 0        | 1         | 1          | 1        | 1          |
+-----------------------------------------------------------------------------+-----+-----------+------------+---------+-----------+-----------+----------+-----------+------------+----------+------------+
| receiveMsg setRunning                                                       | 1   | 1         | 1          | 1       | 1         | 1         | 0        | 1         | 1          | 1        | 1          |
+-----------------------------------------------------------------------------+-----+-----------+------------+---------+-----------+-----------+----------+-----------+------------+----------+------------+
| receiveMsg pumpStart                                                        | 1   | 1         | 1          | 1       | 1         | 1         | 0        | 1         | 1          | 1        | 1          |
+-----------------------------------------------------------------------------+-----+-----------+------------+---------+-----------+-----------+----------+-----------+------------+----------+------------+
| receiveMsg receiveMsg                                                       | 1   | 1         | 1          | 1       | 1         | 1         | 0        | 1         | 1          | 1        | 1          |
+-----------------------------------------------------------------------------+-----+-----------+------------+---------+-----------+-----------+----------+-----------+------------+----------+------------+
| receiveMsg setReady                                                         | 1   | 1         | 1          | 1       | 1         | 1         | 0        | 1         | 1          | 1        | 1          |
+-----------------------------------------------------------------------------+-----+-----------+------------+---------+-----------+-----------+----------+-----------+------------+----------+------------+
| receiveMsg levelMsg end                                                     | 1   | 0         | 1          | 1       | 1         | 1         | 1        | 1         | 1          | 1        | 1          |
+-----------------------------------------------------------------------------+-----+-----------+------------+---------+-----------+-----------+----------+-----------+------------+----------+------------+
| receiveMsg levelMsg setRunning                                              | 1   | 0         | 1          | 1       | 1         | 1         | 1        | 1         | 1          | 1        | 1          |
+-----------------------------------------------------------------------------+-----+-----------+------------+---------+-----------+-----------+----------+-----------+------------+----------+------------+
| receiveMsg levelMsg isNotReady                                              | 1   | 0         | 1          | 1       | 1         | 1         | 1        | 1         | 1          | 1        | 1          |
+-----------------------------------------------------------------------------+-----+-----------+------------+---------+-----------+-----------+----------+-----------+------------+----------+------------+
| receiveMsg levelMsg isReady                                                 | 1   | 0         | 1          | 1       | 1         | 1         | 1        | 1         | 1          | 1        | 1          |
+-----------------------------------------------------------------------------+-----+-----------+------------+---------+-----------+-----------+----------+-----------+------------+----------+------------+
| receiveMsg levelMsg isRunning                                               | 1   | 0         | 1          | 1       | 1         | 1         | 1        | 1         | 1          | 1        | 1          |
+-----------------------------------------------------------------------------+-----+-----------+------------+---------+-----------+-----------+----------+-----------+------------+----------+------------+
| receiveMsg levelMsg isStopped                                               | 1   | 0         | 1          | 1       | 1         | 1         | 1        | 1         | 1          | 1        | 1          |
+-----------------------------------------------------------------------------+-----+-----------+------------+---------+-----------+-----------+----------+-----------+------------+----------+------------+
| receiveMsg levelMsg levelMsg                                                | 1   | 0         | 1          | 1       | 1         | 1         | 1        | 1         | 1          | 1        | 1          |
+-----------------------------------------------------------------------------+-----+-----------+------------+---------+-----------+-----------+----------+-----------+------------+----------+------------+
| receiveMsg levelMsg pumpStart                                               | 1   | 0         | 1          | 1       | 1         | 1         | 1        | 1         | 1          | 1        | 1          |
+-----------------------------------------------------------------------------+-----+-----------+------------+---------+-----------+-----------+----------+-----------+------------+----------+------------+
| receiveMsg levelMsg receiveMsg                                              | 1   | 0         | 1          | 1       | 1         | 1         | 1        | 1         | 1          | 1        | 1          |
+-----------------------------------------------------------------------------+-----+-----------+------------+---------+-----------+-----------+----------+-----------+------------+----------+------------+
| receiveMsg levelMsg setReady                                                | 1   | 0         | 1          | 1       | 1         | 1         | 1        | 1         | 1          | 1        | 1          |
+-----------------------------------------------------------------------------+-----+-----------+------------+---------+-----------+-----------+----------+-----------+------------+----------+------------+
| receiveMsg levelMsg highLevel end                                           | 1   | 1         | 1          | 0       | 0         | 0         | 1        | 1         | 1          | 1        | 1          |
+-----------------------------------------------------------------------------+-----+-----------+------------+---------+-----------+-----------+----------+-----------+------------+----------+------------+
| receiveMsg levelMsg highLevel highLevel                                     | 1   | 1         | 1          | 0       | 0         | 0         | 1        | 1         | 1          | 1        | 1          |
+-----------------------------------------------------------------------------+-----+-----------+------------+---------+-----------+-----------+----------+-----------+------------+----------+------------+
| receiveMsg levelMsg highLevel isNotReady                                    | 1   | 1         | 1          | 0       | 0         | 0         | 1        | 1         | 1          | 1        | 1          |
+-----------------------------------------------------------------------------+-----+-----------+------------+---------+-----------+-----------+----------+-----------+------------+----------+------------+
| receiveMsg levelMsg highLevel setRunning                                    | 1   | 1         | 1          | 0       | 0         | 0         | 1        | 1         | 1          | 1        | 1          |
+-----------------------------------------------------------------------------+-----+-----------+------------+---------+-----------+-----------+----------+-----------+------------+----------+------------+
| receiveMsg levelMsg highLevel isReady setRunning                            | 1   | 1         | 1          | 1       | 1         | 1         | 1        | 1         | 1          | 0        | 1          |
+-----------------------------------------------------------------------------+-----+-----------+------------+---------+-----------+-----------+----------+-----------+------------+----------+------------+
| receiveMsg levelMsg highLevel isStopped                                     | 0   | 1         | 1          | 1       | 1         | 1         | 1        | 1         | 1          | 1        | 1          |
+-----------------------------------------------------------------------------+-----+-----------+------------+---------+-----------+-----------+----------+-----------+------------+----------+------------+
| receiveMsg levelMsg highLevel levelMsg                                      | 1   | 1         | 1          | 0       | 0         | 0         | 1        | 1         | 1          | 1        | 1          |
+-----------------------------------------------------------------------------+-----+-----------+------------+---------+-----------+-----------+----------+-----------+------------+----------+------------+
| receiveMsg levelMsg highLevel pumpStart                                     | 1   | 1         | 1          | 0       | 0         | 0         | 1        | 1         | 1          | 1        | 1          |
+-----------------------------------------------------------------------------+-----+-----------+------------+---------+-----------+-----------+----------+-----------+------------+----------+------------+
| receiveMsg levelMsg highLevel receiveMsg                                    | 1   | 1         | 1          | 0       | 0         | 0         | 1        | 1         | 1          | 1        | 1          |
+-----------------------------------------------------------------------------+-----+-----------+------------+---------+-----------+-----------+----------+-----------+------------+----------+------------+
| receiveMsg levelMsg highLevel setReady                                      | 1   | 1         | 1          | 0       | 0         | 0         | 1        | 1         | 1          | 1        | 1          |
+-----------------------------------------------------------------------------+-----+-----------+------------+---------+-----------+-----------+----------+-----------+------------+----------+------------+
| receiveMsg levelMsg highLevel isReady end                                   | 1   | 1         | 1          | 1       | 1         | 1         | 1        | 1         | 1          | 0        | 1          |
+-----------------------------------------------------------------------------+-----+-----------+------------+---------+-----------+-----------+----------+-----------+------------+----------+------------+
| receiveMsg levelMsg highLevel isReady highLevel                             | 1   | 1         | 1          | 1       | 1         | 1         | 1        | 1         | 1          | 0        | 1          |
+-----------------------------------------------------------------------------+-----+-----------+------------+---------+-----------+-----------+----------+-----------+------------+----------+------------+
| receiveMsg levelMsg highLevel isReady isNotReady                            | 1   | 1         | 1          | 1       | 1         | 1         | 1        | 1         | 1          | 0        | 1          |
+-----------------------------------------------------------------------------+-----+-----------+------------+---------+-----------+-----------+----------+-----------+------------+----------+------------+
| receiveMsg levelMsg highLevel isReady isReady                               | 1   | 1         | 1          | 1       | 1         | 1         | 1        | 1         | 1          | 0        | 1          |
+-----------------------------------------------------------------------------+-----+-----------+------------+---------+-----------+-----------+----------+-----------+------------+----------+------------+
| receiveMsg levelMsg highLevel isReady isRunning                             | 1   | 1         | 1          | 1       | 1         | 1         | 1        | 1         | 1          | 0        | 1          |
+-----------------------------------------------------------------------------+-----+-----------+------------+---------+-----------+-----------+----------+-----------+------------+----------+------------+
| receiveMsg levelMsg highLevel isReady isStopped                             | 1   | 1         | 1          | 1       | 1         | 1         | 1        | 1         | 1          | 0        | 1          |
+-----------------------------------------------------------------------------+-----+-----------+------------+---------+-----------+-----------+----------+-----------+------------+----------+------------+
| receiveMsg levelMsg highLevel isReady levelMsg                              | 1   | 1         | 1          | 1       | 1         | 1         | 1        | 1         | 1          | 0        | 1          |
+-----------------------------------------------------------------------------+-----+-----------+------------+---------+-----------+-----------+----------+-----------+------------+----------+------------+
| receiveMsg levelMsg highLevel isReady pumpStart                             | 1   | 1         | 1          | 1       | 1         | 1         | 1        | 1         | 1          | 0        | 1          |
+-----------------------------------------------------------------------------+-----+-----------+------------+---------+-----------+-----------+----------+-----------+------------+----------+------------+
| receiveMsg levelMsg highLevel isReady receiveMsg                            | 1   | 1         | 1          | 1       | 1         | 1         | 1        | 1         | 1          | 0        | 1          |
+-----------------------------------------------------------------------------+-----+-----------+------------+---------+-----------+-----------+----------+-----------+------------+----------+------------+
| receiveMsg levelMsg highLevel isRunning setRunning                          | 0   | 1         | 1          | 1       | 1         | 1         | 1        | 1         | 1          | 1        | 1          |
+-----------------------------------------------------------------------------+-----+-----------+------------+---------+-----------+-----------+----------+-----------+------------+----------+------------+
| receiveMsg levelMsg highLevel isRunning end                                 | 1   | 1         | 1          | 1       | 1         | 1         | 1        | 1         | 0          | 1        | 1          |
+-----------------------------------------------------------------------------+-----+-----------+------------+---------+-----------+-----------+----------+-----------+------------+----------+------------+
| receiveMsg levelMsg highLevel isRunning highLevel                           | 0   | 1         | 1          | 1       | 1         | 1         | 1        | 1         | 1          | 1        | 1          |
+-----------------------------------------------------------------------------+-----+-----------+------------+---------+-----------+-----------+----------+-----------+------------+----------+------------+
| receiveMsg levelMsg highLevel isRunning isNotReady                          | 0   | 1         | 1          | 1       | 1         | 1         | 1        | 1         | 1          | 1        | 1          |
+-----------------------------------------------------------------------------+-----+-----------+------------+---------+-----------+-----------+----------+-----------+------------+----------+------------+
| receiveMsg levelMsg highLevel isRunning isReady                             | 0   | 1         | 1          | 1       | 1         | 1         | 1        | 1         | 1          | 1        | 1          |
+-----------------------------------------------------------------------------+-----+-----------+------------+---------+-----------+-----------+----------+-----------+------------+----------+------------+
| receiveMsg levelMsg highLevel isRunning isRunning                           | 0   | 1         | 1          | 1       | 1         | 1         | 1        | 1         | 1          | 1        | 1          |
+-----------------------------------------------------------------------------+-----+-----------+------------+---------+-----------+-----------+----------+-----------+------------+----------+------------+
| receiveMsg levelMsg highLevel isRunning isStopped                           | 0   | 1         | 1          | 1       | 1         | 1         | 1        | 1         | 1          | 1        | 1          |
+-----------------------------------------------------------------------------+-----+-----------+------------+---------+-----------+-----------+----------+-----------+------------+----------+------------+
| receiveMsg levelMsg highLevel isRunning levelMsg                            | 0   | 1         | 1          | 1       | 1         | 1         | 1        | 1         | 1          | 1        | 1          |
+-----------------------------------------------------------------------------+-----+-----------+------------+---------+-----------+-----------+----------+-----------+------------+----------+------------+
| receiveMsg levelMsg highLevel isRunning pumpStart                           | 0   | 1         | 1          | 1       | 1         | 1         | 1        | 1         | 1          | 1        | 1          |
+-----------------------------------------------------------------------------+-----+-----------+------------+---------+-----------+-----------+----------+-----------+------------+----------+------------+
| receiveMsg levelMsg highLevel isRunning receiveMsg                          | 0   | 1         | 1          | 1       | 1         | 1         | 1        | 1         | 1          | 1        | 1          |
+-----------------------------------------------------------------------------+-----+-----------+------------+---------+-----------+-----------+----------+-----------+------------+----------+------------+
| receiveMsg levelMsg highLevel isRunning setReady                            | 0   | 1         | 1          | 1       | 1         | 1         | 1        | 1         | 1          | 1        | 1          |
+-----------------------------------------------------------------------------+-----+-----------+------------+---------+-----------+-----------+----------+-----------+------------+----------+------------+
| receiveMsg levelMsg highLevel isReady setReady end                          | 1   | 1         | 0          | 0       | 1         | 1         | 1        | 1         | 1          | 1        | 1          |
+-----------------------------------------------------------------------------+-----+-----------+------------+---------+-----------+-----------+----------+-----------+------------+----------+------------+
| receiveMsg levelMsg highLevel isReady setReady highLevel                    | 1   | 1         | 0          | 0       | 1         | 1         | 1        | 1         | 1          | 1        | 1          |
+-----------------------------------------------------------------------------+-----+-----------+------------+---------+-----------+-----------+----------+-----------+------------+----------+------------+
| receiveMsg levelMsg highLevel isReady setReady isNotReady                   | 0   | 1         | 1          | 1       | 1         | 1         | 1        | 1         | 1          | 1        | 1          |
+-----------------------------------------------------------------------------+-----+-----------+------------+---------+-----------+-----------+----------+-----------+------------+----------+------------+
| receiveMsg levelMsg highLevel isReady setReady setRunning                   | 1   | 1         | 0          | 0       | 1         | 1         | 1        | 1         | 1          | 1        | 1          |
+-----------------------------------------------------------------------------+-----+-----------+------------+---------+-----------+-----------+----------+-----------+------------+----------+------------+
| receiveMsg levelMsg highLevel isReady setReady isRunning                    | 1   | 1         | 0          | 0       | 1         | 1         | 1        | 1         | 1          | 1        | 1          |
+-----------------------------------------------------------------------------+-----+-----------+------------+---------+-----------+-----------+----------+-----------+------------+----------+------------+
| receiveMsg levelMsg highLevel isReady setReady isStopped                    | 1   | 1         | 0          | 0       | 1         | 1         | 1        | 1         | 1          | 1        | 1          |
+-----------------------------------------------------------------------------+-----+-----------+------------+---------+-----------+-----------+----------+-----------+------------+----------+------------+
| receiveMsg levelMsg highLevel isReady setReady levelMsg                     | 1   | 1         | 0          | 0       | 1         | 1         | 1        | 1         | 1          | 1        | 1          |
+-----------------------------------------------------------------------------+-----+-----------+------------+---------+-----------+-----------+----------+-----------+------------+----------+------------+
| receiveMsg levelMsg highLevel isReady setReady pumpStart                    | 1   | 1         | 0          | 0       | 1         | 1         | 1        | 1         | 1          | 1        | 1          |
+-----------------------------------------------------------------------------+-----+-----------+------------+---------+-----------+-----------+----------+-----------+------------+----------+------------+
| receiveMsg levelMsg highLevel isReady setReady receiveMsg                   | 1   | 1         | 0          | 0       | 1         | 1         | 1        | 1         | 1          | 1        | 1          |
+-----------------------------------------------------------------------------+-----+-----------+------------+---------+-----------+-----------+----------+-----------+------------+----------+------------+
| receiveMsg levelMsg highLevel isReady setReady setReady                     | 1   | 1         | 0          | 0       | 1         | 1         | 1        | 1         | 1          | 1        | 1          |
+-----------------------------------------------------------------------------+-----+-----------+------------+---------+-----------+-----------+----------+-----------+------------+----------+------------+
| receiveMsg levelMsg highLevel isReady setReady isReady end                  | 1   | 1         | 1          | 1       | 1         | 1         | 1        | 0         | 1          | 1        | 1          |
+-----------------------------------------------------------------------------+-----+-----------+------------+---------+-----------+-----------+----------+-----------+------------+----------+------------+
| receiveMsg levelMsg highLevel isReady setReady isReady highLevel            | 1   | 1         | 1          | 1       | 1         | 1         | 1        | 0         | 1          | 1        | 1          |
+-----------------------------------------------------------------------------+-----+-----------+------------+---------+-----------+-----------+----------+-----------+------------+----------+------------+
| receiveMsg levelMsg highLevel isReady setReady isReady isNotReady           | 1   | 1         | 1          | 1       | 1         | 1         | 1        | 0         | 1          | 1        | 1          |
+-----------------------------------------------------------------------------+-----+-----------+------------+---------+-----------+-----------+----------+-----------+------------+----------+------------+
| receiveMsg levelMsg highLevel isReady setReady isReady isReady              | 1   | 1         | 1          | 1       | 1         | 1         | 1        | 0         | 1          | 1        | 1          |
+-----------------------------------------------------------------------------+-----+-----------+------------+---------+-----------+-----------+----------+-----------+------------+----------+------------+
| receiveMsg levelMsg highLevel isReady setReady isReady isRunning            | 1   | 1         | 1          | 1       | 1         | 1         | 1        | 0         | 1          | 1        | 1          |
+-----------------------------------------------------------------------------+-----+-----------+------------+---------+-----------+-----------+----------+-----------+------------+----------+------------+
| receiveMsg levelMsg highLevel isReady setReady isReady isStopped            | 1   | 1         | 1          | 1       | 1         | 1         | 1        | 0         | 1          | 1        | 1          |
+-----------------------------------------------------------------------------+-----+-----------+------------+---------+-----------+-----------+----------+-----------+------------+----------+------------+
| receiveMsg levelMsg highLevel isReady setReady isReady levelMsg             | 1   | 1         | 1          | 1       | 1         | 1         | 1        | 0         | 1          | 1        | 1          |
+-----------------------------------------------------------------------------+-----+-----------+------------+---------+-----------+-----------+----------+-----------+------------+----------+------------+
| receiveMsg levelMsg highLevel isReady setReady isReady setRunning           | 1   | 1         | 1          | 1       | 1         | 1         | 1        | 0         | 1          | 1        | 1          |
+-----------------------------------------------------------------------------+-----+-----------+------------+---------+-----------+-----------+----------+-----------+------------+----------+------------+
| receiveMsg levelMsg highLevel isReady setReady isReady receiveMsg           | 1   | 1         | 1          | 1       | 1         | 1         | 1        | 0         | 1          | 1        | 1          |
+-----------------------------------------------------------------------------+-----+-----------+------------+---------+-----------+-----------+----------+-----------+------------+----------+------------+
| receiveMsg levelMsg highLevel isReady setReady isReady setReady             | 1   | 1         | 1          | 1       | 1         | 1         | 1        | 0         | 1          | 1        | 1          |
+-----------------------------------------------------------------------------+-----+-----------+------------+---------+-----------+-----------+----------+-----------+------------+----------+------------+
| receiveMsg levelMsg highLevel isReady setReady isReady pumpStart end        | 1   | 1         | 1          | 1       | 1         | 1         | 1        | 1         | 1          | 1        | 0          |
+-----------------------------------------------------------------------------+-----+-----------+------------+---------+-----------+-----------+----------+-----------+------------+----------+------------+
| receiveMsg levelMsg highLevel isReady setReady isReady pumpStart highLevel  | 1   | 1         | 1          | 1       | 1         | 1         | 1        | 1         | 1          | 1        | 0          |
+-----------------------------------------------------------------------------+-----+-----------+------------+---------+-----------+-----------+----------+-----------+------------+----------+------------+
| receiveMsg levelMsg highLevel isReady setReady isReady pumpStart isNotReady | 1   | 1         | 1          | 1       | 1         | 1         | 1        | 1         | 1          | 1        | 0          |
+-----------------------------------------------------------------------------+-----+-----------+------------+---------+-----------+-----------+----------+-----------+------------+----------+------------+
| receiveMsg levelMsg highLevel isReady setReady isReady pumpStart isReady    | 1   | 1         | 1          | 1       | 1         | 1         | 1        | 1         | 1          | 1        | 0          |
+-----------------------------------------------------------------------------+-----+-----------+------------+---------+-----------+-----------+----------+-----------+------------+----------+------------+
| receiveMsg levelMsg highLevel isReady setReady isReady pumpStart isRunning  | 1   | 1         | 1          | 1       | 1         | 1         | 1        | 1         | 1          | 1        | 0          |
+-----------------------------------------------------------------------------+-----+-----------+------------+---------+-----------+-----------+----------+-----------+------------+----------+------------+
| receiveMsg levelMsg highLevel isReady setReady isReady pumpStart isStopped  | 1   | 1         | 1          | 1       | 1         | 1         | 1        | 1         | 1          | 1        | 0          |
+-----------------------------------------------------------------------------+-----+-----------+------------+---------+-----------+-----------+----------+-----------+------------+----------+------------+
| receiveMsg levelMsg highLevel isReady setReady isReady pumpStart levelMsg   | 1   | 1         | 1          | 1       | 1         | 1         | 1        | 1         | 1          | 1        | 0          |
+-----------------------------------------------------------------------------+-----+-----------+------------+---------+-----------+-----------+----------+-----------+------------+----------+------------+
| receiveMsg levelMsg highLevel isReady setReady isReady pumpStart pumpStart  | 1   | 1         | 1          | 1       | 1         | 1         | 1        | 1         | 1          | 1        | 0          |
+-----------------------------------------------------------------------------+-----+-----------+------------+---------+-----------+-----------+----------+-----------+------------+----------+------------+
| receiveMsg levelMsg highLevel isReady setReady isReady pumpStart receiveMsg | 1   | 1         | 1          | 1       | 1         | 1         | 1        | 1         | 1          | 1        | 0          |
+-----------------------------------------------------------------------------+-----+-----------+------------+---------+-----------+-----------+----------+-----------+------------+----------+------------+
| receiveMsg levelMsg highLevel isReady setReady isReady pumpStart setReady   | 1   | 1         | 1          | 1       | 1         | 1         | 1        | 1         | 1          | 1        | 0          |
+-----------------------------------------------------------------------------+-----+-----------+------------+---------+-----------+-----------+----------+-----------+------------+----------+------------+
| receiveMsg levelMsg highLevel isReady setReady isReady pumpStart setRunning | 0   | 1         | 1          | 1       | 1         | 1         | 1        | 1         | 1          | 1        | 1          |
+=============================================================================+=====+===========+============+=========+===========+===========+==========+===========+============+==========+============+

2021-10-06 20:54:47 INFO Infer_LearnLib |SUL name: 00004_text.txt
2021-10-06 20:54:47 INFO Infer_LearnLib |SUL dir: E:\programming\Benchmarks\minepump_2_Copy\products_2wise\00004_text.txt
2021-10-06 20:54:47 INFO Infer_LearnLib |Output dir: E:\programming\Benchmarks\minepump_2_Copy\output_dir
2021-10-06 20:54:47 INFO Infer_LearnLib |Cache: N
2021-10-06 20:54:47 INFO Infer_LearnLib |ClosingStrategy: CloseFirst
2021-10-06 20:54:47 INFO Infer_LearnLib |ObservationTableCEXHandler: null
2021-10-06 20:54:47 INFO Infer_LearnLib |EquivalenceOracle: WpMethodEQOracle(2)
2021-10-06 20:54:47 INFO Infer_LearnLib |Method: DL*M_v1
2021-10-06 20:54:47 INFO Infer_LearnLib |Revalidate OT
2021-10-06 20:54:47 INFO Infer_LearnLib |Reading OT: 00002_ot
2021-10-06 20:54:47 INFO Infer_LearnLib |Revalidate OT
2021-10-06 20:54:47 INFO Infer_LearnLib |revalidateOT2: Begin
2021-10-06 20:54:47 INFO Infer_LearnLib |revalidate using Learner: Begin
2021-10-06 20:54:47 INFO Infer_LearnLib |revalidate using Learner: Stop learning
2021-10-06 20:54:47 INFO Infer_LearnLib |revalidateOT2: Started to search well-formed cover set
2021-10-06 20:54:47 INFO Infer_LearnLib |revalidateOT2: Ended to search well-formed cover set
2021-10-06 20:54:47 INFO Infer_LearnLib |revalidateOT2: Started to copy well-formed cover set
2021-10-06 20:54:47 INFO Infer_LearnLib |revalidateOT2: Ended to copy well-formed cover set
2021-10-06 20:54:47 INFO Infer_LearnLib |revalidateOT2: Started to search experiment cover set
